<?xml version="1.0" encoding="UTF-8" ?>
<testsuite tests="4" failures="0" name="TestClient" time="4.217" errors="0" skipped="0">
  <properties>
[...]
</properties>
  <testcase classname="TestClient" name="PruebaIgualHerokuAlphafbVSAlphafb" time="1.93"/>
  <testcase classname="TestClient" name="PruebaDiferenteHerokuAlphafbVSAlphaMSTF" time="0.608"/>
  <testcase classname="TestClient" name="PruebaIgualHerokuIEXvsIEX" time="0.738"/>
  <testcase classname="TestClient" name="PruebaIgualHerokuAlphaGOOGVSAlphaGOOG" time="0.941"/>
</testsuite>